SCANNING: 999000000 (us-irc:158, us-cable:158)
LOCK: none (ss=39 snq=0 seq=0)
SCANNING: 997750000 (us-hrc:158)
LOCK: none (ss=37 snq=0 seq=0)
SCANNING: 993000000 (us-irc:157, us-cable:157)
LOCK: none (ss=39 snq=0 seq=0)
SCANNING: 991750000 (us-hrc:157)
LOCK: none (ss=40 snq=0 seq=0)
SCANNING: 987000000 (us-irc:156, us-cable:156)
LOCK: none (ss=41 snq=0 seq=0)
SCANNING: 985750000 (us-hrc:156)
LOCK: none (ss=40 snq=0 seq=0)
SCANNING: 981000000 (us-irc:155, us-cable:155)
LOCK: none (ss=41 snq=0 seq=0)
SCANNING: 979750000 (us-hrc:155)
LOCK: none (ss=39 snq=0 seq=0)
SCANNING: 975000000 (us-irc:154, us-cable:154)
LOCK: none (ss=41 snq=0 seq=0)
SCANNING: 973750000 (us-hrc:154)
LOCK: none (ss=41 snq=0 seq=0)
SCANNING: 969000000 (us-irc:153, us-cable:153)
LOCK: none (ss=40 snq=0 seq=0)
SCANNING: 967750000 (us-hrc:153)
LOCK: none (ss=41 snq=0 seq=0)
SCANNING: 963000000 (us-irc:152, us-cable:152)
LOCK: none (ss=40 snq=0 seq=0)
SCANNING: 961750000 (us-hrc:152)
LOCK: none (ss=41 snq=0 seq=0)
SCANNING: 957000000 (us-irc:151, us-cable:151)
LOCK: none (ss=41 snq=0 seq=0)
SCANNING: 955750000 (us-hrc:151)
LOCK: none (ss=41 snq=0 seq=0)
SCANNING: 951000000 (us-irc:150, us-cable:150)
LOCK: none (ss=40 snq=0 seq=0)
SCANNING: 949750000 (us-hrc:150)
LOCK: none (ss=39 snq=0 seq=0)
SCANNING: 945000000 (us-irc:149, us-cable:149)
LOCK: none (ss=40 snq=0 seq=0)
SCANNING: 943750000 (us-hrc:149)
LOCK: none (ss=43 snq=0 seq=0)
SCANNING: 939000000 (us-irc:148, us-cable:148)
LOCK: none (ss=40 snq=0 seq=0)
SCANNING: 937750000 (us-hrc:148)
LOCK: none (ss=42 snq=0 seq=0)
SCANNING: 933000000 (us-irc:147, us-cable:147)
LOCK: none (ss=41 snq=0 seq=0)
SCANNING: 931750000 (us-hrc:147)
LOCK: none (ss=41 snq=0 seq=0)
SCANNING: 927000000 (us-irc:146, us-cable:146)
LOCK: none (ss=42 snq=0 seq=0)
SCANNING: 925750000 (us-hrc:146)
LOCK: none (ss=42 snq=0 seq=0)
SCANNING: 921000000 (us-irc:145, us-cable:145)
LOCK: none (ss=42 snq=0 seq=0)
SCANNING: 919750000 (us-hrc:145)
LOCK: none (ss=42 snq=0 seq=0)
SCANNING: 915000000 (us-irc:144, us-cable:144)
LOCK: none (ss=43 snq=0 seq=0)
SCANNING: 913750000 (us-hrc:144)
LOCK: none (ss=41 snq=0 seq=0)
SCANNING: 909000000 (us-irc:143, us-cable:143)
LOCK: none (ss=42 snq=0 seq=0)
SCANNING: 907750000 (us-hrc:143)
LOCK: none (ss=42 snq=0 seq=0)
SCANNING: 903000000 (us-irc:142, us-cable:142)
LOCK: none (ss=40 snq=0 seq=0)
SCANNING: 901750000 (us-hrc:142)
LOCK: none (ss=43 snq=0 seq=0)
SCANNING: 897000000 (us-irc:141, us-cable:141)
LOCK: none (ss=41 snq=0 seq=0)
SCANNING: 895750000 (us-hrc:141)
LOCK: none (ss=42 snq=0 seq=0)
SCANNING: 891000000 (us-irc:140, us-cable:140)
LOCK: none (ss=41 snq=0 seq=0)
SCANNING: 889750000 (us-hrc:140)
LOCK: none (ss=44 snq=0 seq=0)
SCANNING: 885000000 (us-irc:139, us-cable:139)
LOCK: none (ss=42 snq=0 seq=0)
SCANNING: 883750000 (us-hrc:139)
LOCK: none (ss=41 snq=0 seq=0)
SCANNING: 879000000 (us-irc:138, us-cable:138)
LOCK: none (ss=42 snq=0 seq=0)
SCANNING: 877750000 (us-hrc:138)
LOCK: none (ss=42 snq=0 seq=0)
SCANNING: 873000000 (us-irc:137, us-cable:137)
LOCK: none (ss=40 snq=0 seq=0)
SCANNING: 871750000 (us-hrc:137)
LOCK: none (ss=43 snq=0 seq=0)
SCANNING: 867000000 (us-irc:136, us-cable:136)
LOCK: none (ss=43 snq=0 seq=0)
SCANNING: 865750000 (us-hrc:136)
LOCK: none (ss=45 snq=0 seq=0)
SCANNING: 861000000 (us-irc:135, us-cable:135)
LOCK: none (ss=42 snq=0 seq=0)
SCANNING: 859750000 (us-hrc:135)
LOCK: none (ss=42 snq=0 seq=0)
SCANNING: 855000000 (us-irc:134, us-cable:134)
LOCK: none (ss=40 snq=0 seq=0)
SCANNING: 853750000 (us-hrc:134)
LOCK: none (ss=40 snq=0 seq=0)
SCANNING: 849000000 (us-irc:133, us-cable:133)
LOCK: none (ss=43 snq=0 seq=0)
SCANNING: 847750000 (us-hrc:133)
LOCK: none (ss=40 snq=0 seq=0)
SCANNING: 843000000 (us-irc:132, us-cable:132)
LOCK: none (ss=40 snq=0 seq=0)
SCANNING: 841750000 (us-hrc:132)
LOCK: none (ss=42 snq=0 seq=0)
SCANNING: 837000000 (us-irc:131, us-cable:131)
LOCK: none (ss=44 snq=0 seq=0)
SCANNING: 835750000 (us-hrc:131)
LOCK: none (ss=42 snq=0 seq=0)
SCANNING: 831000000 (us-irc:130, us-cable:130)
LOCK: none (ss=0 snq=0 seq=0)
SCANNING: 829750000 (us-hrc:130)
LOCK: none (ss=43 snq=0 seq=0)
SCANNING: 825000000 (us-irc:129, us-cable:129)
LOCK: none (ss=44 snq=0 seq=0)
SCANNING: 823750000 (us-hrc:129)
LOCK: none (ss=0 snq=0 seq=0)
SCANNING: 819000000 (us-irc:128, us-cable:128)
LOCK: none (ss=44 snq=0 seq=0)
SCANNING: 817750000 (us-hrc:128)
LOCK: none (ss=43 snq=0 seq=0)
SCANNING: 813000000 (us-irc:127, us-cable:127)
LOCK: none (ss=0 snq=0 seq=0)
SCANNING: 811750000 (us-hrc:127)
LOCK: none (ss=0 snq=0 seq=0)
SCANNING: 807000000 (us-irc:126, us-cable:126)
LOCK: none (ss=44 snq=0 seq=0)
SCANNING: 805750000 (us-hrc:126)
LOCK: none (ss=42 snq=0 seq=0)
SCANNING: 801000000 (us-irc:125, us-cable:125)
LOCK: none (ss=40 snq=0 seq=0)
SCANNING: 799750000 (us-hrc:125)
LOCK: none (ss=40 snq=0 seq=0)
SCANNING: 795000000 (us-irc:124, us-cable:124)
LOCK: none (ss=39 snq=0 seq=0)
SCANNING: 793750000 (us-hrc:124)
LOCK: none (ss=40 snq=0 seq=0)
SCANNING: 789000000 (us-irc:123, us-cable:123)
LOCK: none (ss=40 snq=0 seq=0)
SCANNING: 787750000 (us-hrc:123)
LOCK: none (ss=40 snq=0 seq=0)
SCANNING: 783000000 (us-irc:122, us-cable:122)
LOCK: none (ss=43 snq=0 seq=0)
SCANNING: 781750000 (us-hrc:122)
LOCK: none (ss=0 snq=0 seq=0)
SCANNING: 777000000 (us-irc:121, us-cable:121)
LOCK: none (ss=42 snq=0 seq=0)
SCANNING: 775750000 (us-hrc:121)
LOCK: none (ss=42 snq=0 seq=0)
SCANNING: 771000000 (us-irc:120, us-cable:120)
LOCK: none (ss=40 snq=0 seq=0)
SCANNING: 769750000 (us-hrc:120)
LOCK: none (ss=41 snq=0 seq=0)
SCANNING: 765000000 (us-irc:119, us-cable:119)
LOCK: none (ss=0 snq=0 seq=0)
SCANNING: 763750000 (us-hrc:119)
LOCK: none (ss=83 snq=0 seq=0)
SCANNING: 759000000 (us-irc:118, us-cable:118)
LOCK: qam256 (ss=97 snq=100 seq=100)
TSID: 0xC949
PROGRAM 1: 0 (encrypted)
PROGRAM 2: 0 (encrypted)
PROGRAM 3: 0 (encrypted)
SCANNING: 753000000 (us-irc:117, us-cable:117)
LOCK: qam256 (ss=97 snq=100 seq=100)
TSID: 0xC948
PROGRAM 1: 0 (encrypted)
PROGRAM 2: 0 (encrypted)
PROGRAM 3: 0 (encrypted)
SCANNING: 747000000 (us-irc:116, us-cable:116)
LOCK: qam256 (ss=95 snq=100 seq=100)
TSID: 0xD018
PROGRAM 1035: 0 (no data)
PROGRAM 1038: 0 (encrypted)
PROGRAM 1060: 0 (encrypted)
PROGRAM 1286: 0 (encrypted)
PROGRAM 62351: 0 (control)
SCANNING: 741000000 (us-irc:115, us-cable:115)
LOCK: qam256 (ss=96 snq=100 seq=100)
TSID: 0xD017
PROGRAM 1014: 0 (encrypted)
PROGRAM 1088: 0 (encrypted)
PROGRAM 1162: 0 (encrypted)
PROGRAM 1278: 0 (encrypted)
PROGRAM 62351: 0 (control)
SCANNING: 735000000 (us-irc:114, us-cable:114)
LOCK: qam256 (ss=96 snq=100 seq=100)
TSID: 0xD016
PROGRAM 1022: 0 (encrypted)
PROGRAM 1062: 0 (encrypted)
PROGRAM 1075: 0 (encrypted)
PROGRAM 1081: 0 (encrypted)
PROGRAM 62351: 0 (control)
SCANNING: 729000000 (us-irc:113, us-cable:113)
LOCK: qam256 (ss=96 snq=100 seq=100)
TSID: 0xD015
PROGRAM 1065: 0 (encrypted)
PROGRAM 1096: 0 (encrypted)
PROGRAM 1255: 0 (encrypted)
PROGRAM 1277: 0 (encrypted)
PROGRAM 62351: 0 (control)
SCANNING: 723000000 (us-irc:112, us-cable:112)
LOCK: qam256 (ss=97 snq=100 seq=100)
TSID: 0xE847
PROGRAM 1007: 0 (encrypted)
PROGRAM 1044: 0 (encrypted)
PROGRAM 1099: 0 (encrypted)
PROGRAM 1104: 0 (encrypted)
PROGRAM 1118: 0 (encrypted)
PROGRAM 1262: 0 (encrypted)
PROGRAM 1275: 0 (encrypted)
PROGRAM 62351: 0 (control)
SCANNING: 717000000 (us-irc:111, us-cable:111)
LOCK: qam256 (ss=97 snq=96 seq=100)
TSID: 0xE846
PROGRAM 1002: 0 (encrypted)
PROGRAM 1015: 0 (encrypted)
PROGRAM 1144: 0 (encrypted)
PROGRAM 1237: 0 (encrypted)
PROGRAM 62351: 0 (control)
SCANNING: 711000000 (us-irc:110, us-cable:110)
LOCK: qam256 (ss=97 snq=100 seq=100)
TSID: 0xE845
PROGRAM 1127: 0 (encrypted)
PROGRAM 1160: 0 (encrypted)
PROGRAM 1228: 0 (encrypted)
PROGRAM 1231: 0 (encrypted)
PROGRAM 1232: 0 (encrypted)
PROGRAM 1303: 0 (encrypted)
PROGRAM 62351: 0 (control)
SCANNING: 705000000 (us-irc:109, us-cable:109)
LOCK: qam256 (ss=97 snq=100 seq=100)
TSID: 0xE844
PROGRAM 1008: 0 (encrypted)
PROGRAM 1011: 0 (encrypted)
PROGRAM 1029: 0 (encrypted)
PROGRAM 1059: 0 (encrypted)
PROGRAM 1076: 0 (encrypted)
PROGRAM 1222: 0 (encrypted)
PROGRAM 1282: 0 (encrypted)
PROGRAM 62351: 0 (control)
SCANNING: 699000000 (us-irc:108, us-cable:108)
LOCK: qam256 (ss=98 snq=100 seq=100)
TSID: 0xC941
PROGRAM 13: 0 (encrypted)
PROGRAM 14: 0 (encrypted)
PROGRAM 15: 0
PROGRAM 16: 0 (encrypted)
PROGRAM 17: 0 (encrypted)
PROGRAM 18: 0 (encrypted)
PROGRAM 19: 0 (encrypted)
PROGRAM 20: 0 (encrypted)
PROGRAM 21: 0 (encrypted)
PROGRAM 22: 0 (encrypted)
PROGRAM 23: 0 (encrypted)
PROGRAM 24: 0 (encrypted)
PROGRAM 25: 0 (encrypted)
PROGRAM 26: 0 (encrypted)
PROGRAM 27: 0 (encrypted)
PROGRAM 28: 0 (encrypted)
PROGRAM 29: 0 (encrypted)
PROGRAM 30: 0 (encrypted)
PROGRAM 31: 0 (encrypted)
PROGRAM 32: 0 (encrypted)
PROGRAM 33: 0 (encrypted)
PROGRAM 34: 0 (encrypted)
PROGRAM 35: 0 (encrypted)
PROGRAM 36: 0 (encrypted)
PROGRAM 37: 0 (encrypted)
PROGRAM 38: 0 (encrypted)
PROGRAM 39: 0 (encrypted)
PROGRAM 40: 0 (encrypted)
PROGRAM 41: 0 (encrypted)
PROGRAM 42: 0 (encrypted)
PROGRAM 43: 0 (encrypted)
PROGRAM 44: 0 (encrypted)
PROGRAM 45: 0 (encrypted)
PROGRAM 46: 0 (encrypted)
PROGRAM 47: 0 (encrypted)
PROGRAM 48: 0 (encrypted)
PROGRAM 49: 0 (encrypted)
PROGRAM 50: 0 (encrypted)
PROGRAM 51: 0 (encrypted)
PROGRAM 52: 0 (encrypted)
PROGRAM 53: 0 (encrypted)
PROGRAM 54: 0 (encrypted)
PROGRAM 55: 0 (encrypted)
PROGRAM 56: 0 (encrypted)
PROGRAM 57: 0 (encrypted)
PROGRAM 58: 0 (encrypted)
PROGRAM 59: 0 (encrypted)
PROGRAM 60: 0 (encrypted)
PROGRAM 61: 0 (encrypted)
PROGRAM 62: 0 (encrypted)
PROGRAM 64: 0 (encrypted)
PROGRAM 65: 0 (encrypted)
SCANNING: 693000000 (us-irc:107, us-cable:107)
LOCK: qam256 (ss=99 snq=100 seq=100)
TSID: 0xC940
PROGRAM 1: 0 (encrypted)
PROGRAM 2: 0 (encrypted)
PROGRAM 3: 0 (encrypted)
PROGRAM 4: 0 (encrypted)
PROGRAM 5: 0 (encrypted)
PROGRAM 6: 0 (encrypted)
SCANNING: 687000000 (us-irc:106, us-cable:106)
LOCK: qam256 (ss=98 snq=100 seq=100)
TSID: 0xE837
SCANNING: 681000000 (us-irc:105, us-cable:105)
LOCK: qam256 (ss=98 snq=100 seq=100)
TSID: 0xE836
SCANNING: 675000000 (us-irc:104, us-cable:104)
LOCK: qam256 (ss=95 snq=100 seq=100)
TSID: 0xE835
PROGRAM 2780: 0 (encrypted)
SCANNING: 669000000 (us-irc:103, us-cable:103)
LOCK: qam256 (ss=96 snq=100 seq=100)
TSID: 0xE834
PROGRAM 2778: 0 (encrypted)
SCANNING: 663000000 (us-irc:102, us-cable:102)
LOCK: qam256 (ss=97 snq=100 seq=100)
TSID: 0xC947
PROGRAM 128: 0 (control)
PROGRAM 129: 0 (control)
PROGRAM 130: 0 (control)
PROGRAM 131: 0 (control)
PROGRAM 132: 0 (control)
PROGRAM 133: 0 (control)
PROGRAM 134: 0 (control)
PROGRAM 135: 0 (control)
PROGRAM 136: 0 (control)
PROGRAM 137: 0 (control)
PROGRAM 138: 0 (control)
PROGRAM 151: 0 (control)
PROGRAM 152: 0 (control)
PROGRAM 153: 0 (control)
PROGRAM 154: 0 (control)
PROGRAM 155: 0 (control)
PROGRAM 156: 0 (control)
PROGRAM 157: 0 (control)
PROGRAM 158: 0 (control)
PROGRAM 159: 0 (control)
PROGRAM 160: 0 (control)
PROGRAM 161: 0 (control)
PROGRAM 162: 0 (control)
PROGRAM 163: 0 (control)
PROGRAM 164: 0 (control)
PROGRAM 165: 0 (control)
PROGRAM 166: 0 (control)
PROGRAM 167: 0 (control)
PROGRAM 260: 0 (control)
SCANNING: 657000000 (us-irc:101, us-cable:101)
LOCK: qam256 (ss=98 snq=100 seq=100)
SCANNING: 651000000 (us-irc:100, us-cable:100)
LOCK: qam256 (ss=98 snq=100 seq=100)
SCANNING: 645000000 (us-irc:94, us-cable:94)
LOCK: qam256 (ss=98 snq=100 seq=100)
SCANNING: 639000000 (us-irc:93, us-cable:93)
LOCK: qam256 (ss=98 snq=100 seq=100)
SCANNING: 633000000 (us-irc:92, us-cable:92)
LOCK: qam256 (ss=98 snq=100 seq=100)
TSID: 0xCEB8
PROGRAM 1010: 0 (encrypted)
PROGRAM 1041: 0 (encrypted)
PROGRAM 1061: 0 (encrypted)
PROGRAM 1063: 0 (encrypted)
PROGRAM 1066: 0 (encrypted)
PROGRAM 1069: 0 (encrypted)
PROGRAM 1091: 0 (encrypted)
PROGRAM 62351: 0 (control)
SCANNING: 627000000 (us-irc:91, us-cable:91)
LOCK: qam256 (ss=97 snq=100 seq=100)
TSID: 0xCEB7
PROGRAM 1046: 0 (encrypted)
PROGRAM 1082: 0 (encrypted)
PROGRAM 1084: 0 (no data)
PROGRAM 1190: 0 (encrypted)
PROGRAM 62351: 0 (control)
SCANNING: 621000000 (us-irc:90, us-cable:90)
LOCK: qam256 (ss=97 snq=100 seq=100)
TSID: 0xCEB6
PROGRAM 1067: 0 (encrypted)
PROGRAM 1070: 0 (encrypted)
PROGRAM 1073: 0 (encrypted)
PROGRAM 1213: 0 (encrypted)
PROGRAM 62351: 0 (control)
SCANNING: 615000000 (us-irc:89, us-cable:89)
LOCK: qam256 (ss=99 snq=100 seq=100)
TSID: 0xCEB5
PROGRAM 1020: 0 (encrypted)
PROGRAM 1021: 0 (encrypted)
PROGRAM 1071: 0 (encrypted)
PROGRAM 1120: 0 (encrypted)
PROGRAM 62351: 0 (control)
SCANNING: 609000000 (us-irc:88, us-cable:88)
LOCK: qam256 (ss=98 snq=100 seq=100)
TSID: 0xC94E
PROGRAM 1: 0 (encrypted)
PROGRAM 2: 0 (encrypted)
PROGRAM 3: 0 (encrypted)
PROGRAM 4: 0 (encrypted)
PROGRAM 5: 0 (encrypted)
PROGRAM 6: 0 (encrypted)
PROGRAM 7: 0 (encrypted)
PROGRAM 8: 0 (encrypted)
PROGRAM 9: 0 (encrypted)
PROGRAM 10: 0 (encrypted)
PROGRAM 11: 0 (encrypted)
PROGRAM 12: 0 (encrypted)
SCANNING: 603000000 (us-irc:87, us-cable:87)
LOCK: qam256 (ss=99 snq=50 seq=100)
TSID: 0xC94D
PROGRAM 3: 0 (encrypted)
PROGRAM 4: 0 (encrypted)
PROGRAM 5: 0 (encrypted)
PROGRAM 6: 0 (encrypted)
PROGRAM 7: 0 (encrypted)
PROGRAM 8: 0 (encrypted)
PROGRAM 9: 0
PROGRAM 10: 0 (encrypted)
PROGRAM 11: 0 (encrypted)
PROGRAM 12: 0 (encrypted)
PROGRAM 13: 0
PROGRAM 14: 0 (encrypted)
SCANNING: 597000000 (us-irc:86, us-cable:86)
LOCK: qam256 (ss=98 snq=100 seq=100)
TSID: 0xC94C
PROGRAM 1: 0 (encrypted)
PROGRAM 2: 0 (encrypted)
PROGRAM 3: 0 (encrypted)
PROGRAM 4: 0 (encrypted)
PROGRAM 5: 0 (encrypted)
PROGRAM 6: 0 (encrypted)
PROGRAM 7: 0 (encrypted)
PROGRAM 8: 0 (encrypted)
PROGRAM 9: 0
PROGRAM 10: 0 (encrypted)
PROGRAM 11: 0 (encrypted)
PROGRAM 12: 0 (encrypted)
SCANNING: 591000000 (us-irc:85, us-cable:85)
LOCK: qam256 (ss=99 snq=100 seq=100)
TSID: 0xC953
PROGRAM 1: 0 (encrypted)
SCANNING: 585000000 (us-irc:84, us-cable:84)
LOCK: qam256 (ss=97 snq=100 seq=100)
TSID: 0xC952
PROGRAM 2: 0 (encrypted)
PROGRAM 3: 0 (encrypted)
PROGRAM 4: 0 (encrypted)
PROGRAM 5: 0 (encrypted)
PROGRAM 7: 0 (encrypted)
PROGRAM 11: 0 (encrypted)
PROGRAM 12: 0 (encrypted)
SCANNING: 579000000 (us-irc:83, us-cable:83)
LOCK: qam256 (ss=97 snq=100 seq=100)
TSID: 0xCEBC
PROGRAM 1058: 0 (encrypted)
PROGRAM 1086: 0 (encrypted)
PROGRAM 1172: 0 (encrypted)
PROGRAM 1211: 0 (encrypted)
PROGRAM 62351: 0 (control)
SCANNING: 573000000 (us-irc:82, us-cable:82)
LOCK: qam256 (ss=99 snq=100 seq=100)
TSID: 0xCEBB
PROGRAM 1005: 0 (encrypted)
PROGRAM 1033: 0 (encrypted)
PROGRAM 1068: 0 (encrypted)
PROGRAM 1163: 0 (encrypted)
PROGRAM 62351: 0 (control)
SCANNING: 567000000 (us-irc:81, us-cable:81)
LOCK: qam256 (ss=100 snq=100 seq=100)
TSID: 0xCEBA
PROGRAM 1000: 0 (encrypted)
PROGRAM 1031: 0 (encrypted)
PROGRAM 1078: 0 (encrypted)
PROGRAM 1083: 0 (no data)
PROGRAM 1089: 0 (encrypted)
PROGRAM 1165: 0 (encrypted)
PROGRAM 62351: 0 (control)
SCANNING: 561000000 (us-irc:80, us-cable:80)
LOCK: qam256 (ss=100 snq=100 seq=100)
TSID: 0xCEB9
PROGRAM 1013: 0 (encrypted)
PROGRAM 1057: 0 (encrypted)
PROGRAM 1074: 0 (no data)
PROGRAM 1077: 0 (encrypted)
PROGRAM 1079: 0 (encrypted)
PROGRAM 1159: 0 (encrypted)
PROGRAM 1194: 0 (encrypted)
PROGRAM 62351: 0 (control)
SCANNING: 555000000 (us-irc:79, us-cable:79)
LOCK: qam256 (ss=99 snq=100 seq=100)
TSID: 0xC955
PROGRAM 1: 0 (encrypted)
PROGRAM 2: 0 (encrypted)
PROGRAM 3: 0 (encrypted)
SCANNING: 549000000 (us-irc:78, us-cable:78)
LOCK: qam256 (ss=98 snq=51 seq=100)
TSID: 0x244B
PROGRAM 1: 6.1 WSYX DT
PROGRAM 2: 6.2 MYTV
PROGRAM 3: 28.1 WTTE-DT
PROGRAM 4: 28.2 Cool TV (no data)
SCANNING: 543000000 (us-irc:77, us-cable:77)
LOCK: qam256 (ss=97 snq=100 seq=100)
TSID: 0xC95B
PROGRAM 1: 0 (encrypted)
PROGRAM 2: 0 (encrypted)
PROGRAM 3: 0 (encrypted)
PROGRAM 4: 0 (encrypted)
PROGRAM 5: 0 (encrypted)
PROGRAM 6: 0 (encrypted)
PROGRAM 7: 0 (encrypted)
PROGRAM 8: 0 (encrypted)
PROGRAM 9: 0 (encrypted)
PROGRAM 10: 0 (encrypted)
PROGRAM 11: 0 (encrypted)
PROGRAM 12: 0 (encrypted)
SCANNING: 537000000 (us-irc:76, us-cable:76)
LOCK: qam256 (ss=96 snq=100 seq=100)
TSID: 0xC95A
PROGRAM 1: 0 (encrypted)
PROGRAM 2: 0 (encrypted)
PROGRAM 3: 0 (encrypted)
PROGRAM 4: 0 (encrypted)
PROGRAM 5: 0 (encrypted)
PROGRAM 6: 0
PROGRAM 7: 0 (encrypted)
PROGRAM 8: 0
PROGRAM 10: 0 (encrypted)
PROGRAM 12: 0 (encrypted)
SCANNING: 531000000 (us-irc:75, us-cable:75)
LOCK: qam256 (ss=98 snq=100 seq=100)
TSID: 0x0001
PROGRAM 4: 100.104 MYSTRO (control)
PROGRAM 5: 100.104 CDL_Sam (control)
PROGRAM 6: 100.104 CDL_Cis (control)
PROGRAM 7: 100.104 CDL_Mot (control)
SCANNING: 525000000 (us-irc:74, us-cable:74)
LOCK: qam256 (ss=96 snq=100 seq=100)
TSID: 0xC958
PROGRAM 1: 0 (encrypted)
PROGRAM 2: 0 (encrypted)
PROGRAM 3: 0 (encrypted)
SCANNING: 519000000 (us-irc:73, us-cable:73)
LOCK: qam256 (ss=97 snq=100 seq=100)
TSID: 0xC95F
PROGRAM 1: 0 (encrypted)
PROGRAM 2: 0 (encrypted)
SCANNING: 513000000 (us-irc:72, us-cable:72)
LOCK: qam256 (ss=95 snq=100 seq=100)
TSID: 0xC95E
PROGRAM 1: 0 (encrypted)
PROGRAM 2: 0 (encrypted)
PROGRAM 3: 0 (encrypted)
SCANNING: 507000000 (us-irc:71, us-cable:71)
LOCK: qam256 (ss=96 snq=100 seq=100)
TSID: 0xC95D
PROGRAM 1: 0 (encrypted)
PROGRAM 2: 0 (encrypted)
PROGRAM 3: 0 (encrypted)
SCANNING: 501000000 (us-irc:70, us-cable:70)
LOCK: none (ss=100 snq=0 seq=0)
SCANNING: 499750000 (us-hrc:70)
LOCK: none (ss=100 snq=0 seq=0)
SCANNING: 495000000 (us-irc:69, us-cable:69)
LOCK: qam256 (ss=96 snq=100 seq=100)
TSID: 0xD01C
PROGRAM 1050: 0 (no data)
PROGRAM 1087: 0 (encrypted)
PROGRAM 1093: 0 (encrypted)
PROGRAM 1195: 0 (encrypted)
PROGRAM 1210: 0 (encrypted)
PROGRAM 1230: 0 (encrypted)
PROGRAM 1252: 0 (encrypted)
PROGRAM 62351: 0 (control)
SCANNING: 489000000 (us-irc:68, us-cable:68)
LOCK: qam256 (ss=96 snq=100 seq=100)
TSID: 0xD01B
PROGRAM 1032: 0 (encrypted)
PROGRAM 1092: 0 (encrypted)
PROGRAM 1168: 0 (encrypted)
PROGRAM 1181: 0 (encrypted)
PROGRAM 62351: 0 (control)
SCANNING: 483000000 (us-irc:67, us-cable:67)
LOCK: qam256 (ss=97 snq=100 seq=100)
TSID: 0xD01A
PROGRAM 1037: 0 (encrypted)
PROGRAM 1051: 0 (encrypted)
PROGRAM 1095: 0 (encrypted)
PROGRAM 1251: 0 (encrypted)
PROGRAM 62351: 0 (control)
SCANNING: 477000000 (us-irc:66, us-cable:66)
LOCK: qam256 (ss=96 snq=100 seq=100)
TSID: 0xD019
PROGRAM 1006: 0 (encrypted)
PROGRAM 1072: 0 (encrypted)
PROGRAM 1080: 0 (no data)
PROGRAM 1085: 0 (encrypted)
PROGRAM 1090: 0 (encrypted)
PROGRAM 1280: 0 (encrypted)
PROGRAM 62351: 0 (control)
SCANNING: 471000000 (us-irc:65, us-cable:65)
LOCK: none (ss=100 snq=0 seq=0)
SCANNING: 469750000 (us-hrc:65)
LOCK: none (ss=100 snq=0 seq=0)
SCANNING: 465000000 (us-irc:64, us-cable:64)
LOCK: none (ss=100 snq=0 seq=0)
SCANNING: 463750000 (us-hrc:64)
LOCK: none (ss=100 snq=0 seq=0)
SCANNING: 459000000 (us-irc:63, us-cable:63)
LOCK: none (ss=100 snq=0 seq=0)
SCANNING: 457750000 (us-hrc:63)
LOCK: none (ss=100 snq=0 seq=0)
SCANNING: 453000000 (us-irc:62, us-cable:62)
LOCK: none (ss=100 snq=0 seq=0)
SCANNING: 451750000 (us-hrc:62)
LOCK: none (ss=100 snq=0 seq=0)
SCANNING: 447000000 (us-irc:61, us-cable:61)
LOCK: none (ss=100 snq=0 seq=0)
SCANNING: 445750000 (us-hrc:61)
LOCK: none (ss=100 snq=0 seq=0)
SCANNING: 441000000 (us-irc:60, us-cable:60)
LOCK: none (ss=95 snq=0 seq=0)
SCANNING: 439750000 (us-hrc:60)
LOCK: none (ss=96 snq=0 seq=0)
SCANNING: 435000000 (us-irc:59, us-cable:59)
LOCK: none (ss=100 snq=0 seq=0)
SCANNING: 433750000 (us-hrc:59)
LOCK: none (ss=95 snq=0 seq=0)
SCANNING: 429000000 (us-irc:58, us-cable:58)
LOCK: none (ss=98 snq=0 seq=0)
SCANNING: 427750000 (us-hrc:58)
LOCK: none (ss=93 snq=0 seq=0)
SCANNING: 423000000 (us-irc:57, us-cable:57)
LOCK: none (ss=100 snq=0 seq=0)
SCANNING: 421750000 (us-hrc:57)
LOCK: none (ss=100 snq=0 seq=0)
SCANNING: 417000000 (us-irc:56, us-cable:56)
LOCK: none (ss=98 snq=0 seq=0)
SCANNING: 415750000 (us-hrc:56)
LOCK: none (ss=100 snq=0 seq=0)
SCANNING: 411000000 (us-irc:55, us-cable:55)
LOCK: none (ss=98 snq=0 seq=0)
SCANNING: 409750000 (us-hrc:55)
LOCK: none (ss=100 snq=0 seq=0)
SCANNING: 405000000 (us-irc:54, us-cable:54)
LOCK: none (ss=92 snq=0 seq=0)
SCANNING: 403750000 (us-hrc:54)
LOCK: none (ss=98 snq=0 seq=0)
SCANNING: 399000000 (us-irc:53, us-cable:53)
LOCK: none (ss=99 snq=0 seq=0)
SCANNING: 397750000 (us-hrc:53)
LOCK: none (ss=98 snq=0 seq=0)
SCANNING: 393000000 (us-irc:52, us-cable:52)
LOCK: none (ss=99 snq=0 seq=0)
SCANNING: 391750000 (us-hrc:52)
LOCK: none (ss=99 snq=0 seq=0)
SCANNING: 387000000 (us-irc:51, us-cable:51)
LOCK: none (ss=96 snq=0 seq=0)
SCANNING: 385750000 (us-hrc:51)
LOCK: none (ss=100 snq=0 seq=0)
SCANNING: 381000000 (us-irc:50, us-cable:50)
LOCK: none (ss=93 snq=0 seq=0)
SCANNING: 379750000 (us-hrc:50)
LOCK: none (ss=100 snq=0 seq=0)
SCANNING: 375000000 (us-irc:49, us-cable:49)
LOCK: none (ss=100 snq=0 seq=0)
SCANNING: 373750000 (us-hrc:49)
LOCK: none (ss=98 snq=0 seq=0)
SCANNING: 369000000 (us-irc:48, us-cable:48)
LOCK: none (ss=100 snq=0 seq=0)
SCANNING: 367750000 (us-hrc:48)
LOCK: none (ss=100 snq=0 seq=0)
SCANNING: 363000000 (us-irc:47, us-cable:47)
LOCK: none (ss=100 snq=0 seq=0)
SCANNING: 361750000 (us-hrc:47)
LOCK: none (ss=98 snq=0 seq=0)
SCANNING: 357000000 (us-irc:46, us-cable:46)
LOCK: none (ss=100 snq=0 seq=0)
SCANNING: 355750000 (us-hrc:46)
LOCK: none (ss=100 snq=0 seq=0)
SCANNING: 351000000 (us-irc:45, us-cable:45)
LOCK: none (ss=100 snq=0 seq=0)
SCANNING: 349750000 (us-hrc:45)
LOCK: none (ss=100 snq=0 seq=0)
SCANNING: 345000000 (us-irc:44, us-cable:44)
LOCK: none (ss=100 snq=0 seq=0)
SCANNING: 343750000 (us-hrc:44)
LOCK: none (ss=100 snq=0 seq=0)
SCANNING: 339000000 (us-irc:43, us-cable:43)
LOCK: none (ss=100 snq=0 seq=0)
SCANNING: 337750000 (us-hrc:43)
LOCK: none (ss=100 snq=0 seq=0)
SCANNING: 333000000 (us-irc:42, us-cable:42)
LOCK: none (ss=100 snq=0 seq=0)
SCANNING: 331750000 (us-hrc:42)
LOCK: none (ss=100 snq=0 seq=0)
SCANNING: 327000000 (us-irc:41, us-cable:41)
LOCK: none (ss=100 snq=0 seq=0)
SCANNING: 325750000 (us-hrc:41)
LOCK: none (ss=100 snq=0 seq=0)
SCANNING: 321000000 (us-irc:40, us-cable:40)
LOCK: none (ss=99 snq=0 seq=0)
SCANNING: 319750000 (us-hrc:40)
LOCK: none (ss=100 snq=0 seq=0)
SCANNING: 315000000 (us-irc:39, us-cable:39)
LOCK: none (ss=100 snq=0 seq=0)
SCANNING: 313750000 (us-hrc:39)
LOCK: none (ss=96 snq=0 seq=0)
SCANNING: 309000000 (us-irc:38, us-cable:38)
LOCK: none (ss=100 snq=0 seq=0)
SCANNING: 307750000 (us-hrc:38)
LOCK: none (ss=100 snq=0 seq=0)
SCANNING: 303000000 (us-irc:37, us-cable:37)
LOCK: none (ss=100 snq=0 seq=0)
SCANNING: 301750000 (us-hrc:37)
LOCK: none (ss=100 snq=0 seq=0)
SCANNING: 297000000 (us-irc:36, us-cable:36)
LOCK: none (ss=100 snq=0 seq=0)
SCANNING: 295750000 (us-hrc:36)
LOCK: none (ss=100 snq=0 seq=0)
SCANNING: 291000000 (us-irc:35, us-cable:35)
LOCK: none (ss=100 snq=0 seq=0)
SCANNING: 289750000 (us-hrc:35)
LOCK: none (ss=100 snq=0 seq=0)
SCANNING: 285000000 (us-irc:34, us-cable:34)
LOCK: none (ss=100 snq=0 seq=0)
SCANNING: 283750000 (us-hrc:34)
LOCK: none (ss=100 snq=0 seq=0)
SCANNING: 279000000 (us-irc:33, us-cable:33)
LOCK: none (ss=100 snq=0 seq=0)
SCANNING: 277750000 (us-hrc:33)
LOCK: none (ss=100 snq=0 seq=0)
SCANNING: 273000000 (us-irc:32, us-cable:32)
LOCK: none (ss=100 snq=0 seq=0)
SCANNING: 271750000 (us-hrc:32)
LOCK: none (ss=100 snq=0 seq=0)
SCANNING: 267000000 (us-irc:31, us-cable:31)
LOCK: none (ss=96 snq=0 seq=0)
SCANNING: 265750000 (us-hrc:31)
LOCK: none (ss=100 snq=0 seq=0)
SCANNING: 261000000 (us-irc:30, us-cable:30)
LOCK: none (ss=100 snq=0 seq=0)
SCANNING: 259750000 (us-hrc:30)
LOCK: none (ss=100 snq=0 seq=0)
SCANNING: 255000000 (us-irc:29, us-cable:29)
LOCK: none (ss=100 snq=0 seq=0)
SCANNING: 253750000 (us-hrc:29)
LOCK: none (ss=100 snq=0 seq=0)
SCANNING: 249000000 (us-irc:28, us-cable:28)
LOCK: none (ss=100 snq=0 seq=0)
SCANNING: 247750000 (us-hrc:28)
LOCK: none (ss=100 snq=0 seq=0)
SCANNING: 243000000 (us-irc:27, us-cable:27)
LOCK: none (ss=95 snq=0 seq=0)
SCANNING: 241750000 (us-hrc:27)
LOCK: none (ss=100 snq=0 seq=0)
SCANNING: 237000000 (us-irc:26, us-cable:26)
LOCK: none (ss=100 snq=0 seq=0)
SCANNING: 235750000 (us-hrc:26)
LOCK: none (ss=100 snq=0 seq=0)
SCANNING: 231000000 (us-irc:25, us-cable:25)
LOCK: none (ss=100 snq=0 seq=0)
SCANNING: 229750000 (us-hrc:25)
LOCK: none (ss=100 snq=0 seq=0)
SCANNING: 225000000 (us-irc:24, us-cable:24)
LOCK: none (ss=100 snq=0 seq=0)
SCANNING: 223750000 (us-hrc:24)
LOCK: none (ss=95 snq=0 seq=0)
SCANNING: 219000000 (us-irc:23, us-cable:23)
LOCK: none (ss=93 snq=0 seq=0)
SCANNING: 217750000 (us-hrc:23)
LOCK: none (ss=100 snq=0 seq=0)
SCANNING: 213000000 (us-irc:13, us-cable:13)
LOCK: none (ss=100 snq=0 seq=0)
SCANNING: 211750000 (us-hrc:13)
LOCK: none (ss=100 snq=0 seq=0)
SCANNING: 207000000 (us-irc:12, us-cable:12)
LOCK: none (ss=99 snq=0 seq=0)
SCANNING: 205750000 (us-hrc:12)
LOCK: none (ss=98 snq=0 seq=0)
SCANNING: 201000000 (us-irc:11, us-cable:11)
LOCK: none (ss=100 snq=0 seq=0)
SCANNING: 199750000 (us-hrc:11)
LOCK: none (ss=100 snq=0 seq=0)
SCANNING: 195000000 (us-irc:10, us-cable:10)
LOCK: none (ss=100 snq=0 seq=0)
SCANNING: 193750000 (us-hrc:10)
LOCK: none (ss=100 snq=0 seq=0)
SCANNING: 189000000 (us-irc:9, us-cable:9)
LOCK: none (ss=100 snq=0 seq=0)
SCANNING: 187750000 (us-hrc:9)
LOCK: none (ss=100 snq=0 seq=0)
SCANNING: 183000000 (us-irc:8, us-cable:8)
LOCK: none (ss=100 snq=0 seq=0)
SCANNING: 181750000 (us-hrc:8)
LOCK: none (ss=100 snq=0 seq=0)
SCANNING: 177000000 (us-irc:7, us-cable:7)
LOCK: none (ss=100 snq=0 seq=0)
SCANNING: 175750000 (us-hrc:7)
LOCK: none (ss=100 snq=0 seq=0)
SCANNING: 171000000 (us-irc:22, us-cable:22)
LOCK: none (ss=97 snq=0 seq=0)
SCANNING: 169750000 (us-hrc:22)
LOCK: none (ss=100 snq=0 seq=0)
SCANNING: 165000000 (us-irc:21, us-cable:21)
LOCK: none (ss=98 snq=0 seq=0)
SCANNING: 163750000 (us-hrc:21)
LOCK: none (ss=100 snq=0 seq=0)
SCANNING: 159000000 (us-irc:20, us-cable:20)
LOCK: none (ss=100 snq=0 seq=0)
SCANNING: 157750000 (us-hrc:20)
LOCK: none (ss=100 snq=0 seq=0)
SCANNING: 153000000 (us-irc:19, us-cable:19)
LOCK: none (ss=95 snq=0 seq=0)
SCANNING: 151750000 (us-hrc:19)
LOCK: none (ss=98 snq=0 seq=0)
SCANNING: 147000000 (us-irc:18, us-cable:18)
LOCK: none (ss=100 snq=0 seq=0)
SCANNING: 145750000 (us-hrc:18)
LOCK: none (ss=100 snq=0 seq=0)
SCANNING: 141000000 (us-irc:17, us-cable:17)
LOCK: none (ss=99 snq=0 seq=0)
SCANNING: 139750000 (us-hrc:17)
LOCK: none (ss=100 snq=0 seq=0)
SCANNING: 135000000 (us-irc:16, us-cable:16)
LOCK: none (ss=97 snq=0 seq=0)
SCANNING: 133750000 (us-hrc:16)
LOCK: none (ss=100 snq=0 seq=0)
SCANNING: 129000000 (us-irc:15, us-cable:15)
LOCK: none (ss=100 snq=0 seq=0)
SCANNING: 127750000 (us-hrc:15)
LOCK: none (ss=100 snq=0 seq=0)
SCANNING: 123000000 (us-irc:14, us-cable:14)
LOCK: none (ss=100 snq=0 seq=0)
SCANNING: 121750000 (us-hrc:14)
LOCK: none (ss=100 snq=0 seq=0)
SCANNING: 117000000 (us-irc:99, us-cable:99)
LOCK: qam256 (ss=95 snq=100 seq=100)
TSID: 0x2441
PROGRAM 1: 4.1 WCMH-DT
PROGRAM 2: 4.2 MeTV
PROGRAM 3: 53.1 WWHO-DT
SCANNING: 111000000 (us-irc:98, us-cable:98)
LOCK: qam256 (ss=93 snq=100 seq=100)
TSID: 0x2437
PROGRAM 1: 10.1 WBNS TV
PROGRAM 2: 34.1 WOSU-HD
PROGRAM 3: 34.2 WOSU-D1
PROGRAM 5: 34.3 WOSU-D2
PROGRAM 6: 10.2 WBNSTV2
SCANNING: 105000000 (us-irc:97, us-cable:97)
LOCK: none (ss=70 snq=0 seq=0)
SCANNING: 103750000 (us-hrc:97)
LOCK: none (ss=71 snq=0 seq=0)
SCANNING: 99000000 (us-irc:96, us-cable:96)
LOCK: none (ss=39 snq=0 seq=0)
SCANNING: 97750000 (us-hrc:96)
LOCK: none (ss=39 snq=0 seq=0)
SCANNING: 93000000 (us-irc:95, us-cable:95)
LOCK: none (ss=39 snq=0 seq=0)
SCANNING: 91750000 (us-hrc:95)
LOCK: none (ss=36 snq=0 seq=0)
SCANNING: 87000000 (us-irc:6)
LOCK: none (ss=78 snq=0 seq=0)
SCANNING: 85750000 (us-hrc:6)
LOCK: none (ss=100 snq=0 seq=0)
SCANNING: 85000000 (us-cable:6)
LOCK: none (ss=100 snq=0 seq=0)
SCANNING: 81000000 (us-irc:5)
LOCK: none (ss=100 snq=0 seq=0)
SCANNING: 79750000 (us-hrc:5)
LOCK: none (ss=100 snq=0 seq=0)
SCANNING: 79000000 (us-cable:5)
LOCK: none (ss=100 snq=0 seq=0)
